{"C:\\Users\\SEROS SPA\\Downloads\\fs\\fullstack_ev2_jf\\src\\App.jsx": {"path":"C:\\Users\\SEROS SPA\\Downloads\\fs\\fullstack_ev2_jf\\src\\App.jsx","all":true,"statementMap":{"0":{"start":{"line":1,"column":0},"end":{"line":1,"column":18}},"1":{"start":{"line":2,"column":0},"end":{"line":2,"column":18}},"2":{"start":{"line":3,"column":0},"end":{"line":3,"column":0}},"3":{"start":{"line":4,"column":0},"end":{"line":4,"column":49}},"4":{"start":{"line":5,"column":0},"end":{"line":5,"column":0}},"5":{"start":{"line":6,"column":0},"end":{"line":6,"column":41}},"6":{"start":{"line":7,"column":0},"end":{"line":7,"column":37}},"7":{"start":{"line":8,"column":0},"end":{"line":8,"column":51}},"8":{"start":{"line":9,"column":0},"end":{"line":9,"column":49}},"9":{"start":{"line":10,"column":0},"end":{"line":10,"column":41}},"10":{"start":{"line":11,"column":0},"end":{"line":11,"column":37}},"11":{"start":{"line":12,"column":0},"end":{"line":12,"column":0}},"12":{"start":{"line":13,"column":0},"end":{"line":13,"column":0}},"13":{"start":{"line":14,"column":0},"end":{"line":14,"column":28}},"14":{"start":{"line":15,"column":0},"end":{"line":15,"column":10}},"15":{"start":{"line":16,"column":0},"end":{"line":16,"column":6}},"16":{"start":{"line":17,"column":0},"end":{"line":17,"column":16}},"17":{"start":{"line":18,"column":0},"end":{"line":18,"column":12}},"18":{"start":{"line":19,"column":0},"end":{"line":19,"column":14}},"19":{"start":{"line":20,"column":0},"end":{"line":20,"column":36}},"20":{"start":{"line":21,"column":0},"end":{"line":21,"column":21}},"21":{"start":{"line":22,"column":0},"end":{"line":22,"column":30}},"22":{"start":{"line":23,"column":0},"end":{"line":23,"column":20}},"23":{"start":{"line":24,"column":0},"end":{"line":24,"column":7}},"24":{"start":{"line":25,"column":0},"end":{"line":25,"column":4}},"25":{"start":{"line":26,"column":0},"end":{"line":26,"column":1}},"26":{"start":{"line":27,"column":0},"end":{"line":27,"column":0}},"27":{"start":{"line":28,"column":0},"end":{"line":28,"column":0}},"28":{"start":{"line":29,"column":0},"end":{"line":29,"column":16}},"29":{"start":{"line":30,"column":0},"end":{"line":30,"column":10}},"30":{"start":{"line":31,"column":0},"end":{"line":31,"column":9}},"31":{"start":{"line":32,"column":0},"end":{"line":32,"column":14}},"32":{"start":{"line":33,"column":0},"end":{"line":33,"column":56}},"33":{"start":{"line":34,"column":0},"end":{"line":34,"column":0}},"34":{"start":{"line":35,"column":0},"end":{"line":35,"column":43}},"35":{"start":{"line":36,"column":0},"end":{"line":36,"column":12}},"36":{"start":{"line":37,"column":0},"end":{"line":37,"column":20}},"37":{"start":{"line":38,"column":0},"end":{"line":38,"column":13}},"38":{"start":{"line":39,"column":0},"end":{"line":39,"column":12}},"39":{"start":{"line":40,"column":0},"end":{"line":40,"column":15}},"40":{"start":{"line":41,"column":0},"end":{"line":41,"column":42}},"41":{"start":{"line":42,"column":0},"end":{"line":42,"column":16}},"42":{"start":{"line":43,"column":0},"end":{"line":43,"column":11}},"43":{"start":{"line":44,"column":0},"end":{"line":44,"column":4}},"44":{"start":{"line":45,"column":0},"end":{"line":45,"column":1}},"45":{"start":{"line":46,"column":0},"end":{"line":46,"column":0}},"46":{"start":{"line":47,"column":0},"end":{"line":47,"column":19}}},"s":{"0":0,"1":0,"2":0,"3":0,"4":0,"5":0,"6":0,"7":0,"8":0,"9":0,"10":0,"11":0,"12":0,"13":0,"14":0,"15":0,"16":0,"17":0,"18":0,"19":0,"20":0,"21":0,"22":0,"23":0,"24":0,"25":0,"26":0,"27":0,"28":0,"29":0,"30":0,"31":0,"32":0,"33":0,"34":0,"35":0,"36":0,"37":0,"38":0,"39":0,"40":0,"41":0,"42":0,"43":0,"44":0,"45":0,"46":0},"branchMap":{"0":{"type":"branch","line":1,"loc":{"start":{"line":1,"column":0},"end":{"line":47,"column":19}},"locations":[{"start":{"line":1,"column":0},"end":{"line":47,"column":19}}]}},"b":{"0":[0]},"fnMap":{"0":{"name":"(empty-report)","decl":{"start":{"line":1,"column":0},"end":{"line":47,"column":19}},"loc":{"start":{"line":1,"column":0},"end":{"line":47,"column":19}},"line":1}},"f":{"0":0}}
,"C:\\Users\\SEROS SPA\\Downloads\\fs\\fullstack_ev2_jf\\src\\main.jsx": {"path":"C:\\Users\\SEROS SPA\\Downloads\\fs\\fullstack_ev2_jf\\src\\main.jsx","all":true,"statementMap":{"0":{"start":{"line":1,"column":0},"end":{"line":1,"column":26}},"1":{"start":{"line":2,"column":0},"end":{"line":2,"column":49}},"2":{"start":{"line":3,"column":0},"end":{"line":3,"column":40}},"3":{"start":{"line":4,"column":0},"end":{"line":4,"column":20}},"4":{"start":{"line":5,"column":0},"end":{"line":5,"column":27}},"5":{"start":{"line":6,"column":0},"end":{"line":6,"column":18}},"6":{"start":{"line":7,"column":0},"end":{"line":7,"column":0}},"7":{"start":{"line":8,"column":0},"end":{"line":8,"column":60}},"8":{"start":{"line":9,"column":0},"end":{"line":9,"column":20}},"9":{"start":{"line":10,"column":0},"end":{"line":10,"column":19}},"10":{"start":{"line":11,"column":0},"end":{"line":11,"column":13}},"11":{"start":{"line":12,"column":0},"end":{"line":12,"column":20}},"12":{"start":{"line":13,"column":0},"end":{"line":13,"column":22}},"13":{"start":{"line":14,"column":0},"end":{"line":14,"column":2}}},"s":{"0":0,"1":0,"2":0,"3":0,"4":0,"5":0,"6":0,"7":0,"8":0,"9":0,"10":0,"11":0,"12":0,"13":0},"branchMap":{"0":{"type":"branch","line":1,"loc":{"start":{"line":1,"column":0},"end":{"line":14,"column":2}},"locations":[{"start":{"line":1,"column":0},"end":{"line":14,"column":2}}]}},"b":{"0":[0]},"fnMap":{"0":{"name":"(empty-report)","decl":{"start":{"line":1,"column":0},"end":{"line":14,"column":2}},"loc":{"start":{"line":1,"column":0},"end":{"line":14,"column":2}},"line":1}},"f":{"0":0}}
,"C:\\Users\\SEROS SPA\\Downloads\\fs\\fullstack_ev2_jf\\src\\components\\Footer.jsx": {"path":"C:\\Users\\SEROS SPA\\Downloads\\fs\\fullstack_ev2_jf\\src\\components\\Footer.jsx","all":false,"statementMap":{"0":{"start":{"line":1,"column":0},"end":{"line":1,"column":48}},"1":{"start":{"line":2,"column":0},"end":{"line":2,"column":46}},"3":{"start":{"line":4,"column":0},"end":{"line":4,"column":19}},"4":{"start":{"line":5,"column":0},"end":{"line":5,"column":10}},"5":{"start":{"line":6,"column":0},"end":{"line":6,"column":12}},"6":{"start":{"line":7,"column":0},"end":{"line":7,"column":38}},"7":{"start":{"line":8,"column":0},"end":{"line":8,"column":24}},"8":{"start":{"line":9,"column":0},"end":{"line":9,"column":17}},"9":{"start":{"line":10,"column":0},"end":{"line":10,"column":16}},"10":{"start":{"line":11,"column":0},"end":{"line":11,"column":18}},"11":{"start":{"line":12,"column":0},"end":{"line":12,"column":89}},"12":{"start":{"line":13,"column":0},"end":{"line":13,"column":68}},"13":{"start":{"line":14,"column":0},"end":{"line":14,"column":20}},"14":{"start":{"line":15,"column":0},"end":{"line":15,"column":19}},"15":{"start":{"line":16,"column":0},"end":{"line":16,"column":18}},"16":{"start":{"line":17,"column":0},"end":{"line":17,"column":173}},"17":{"start":{"line":18,"column":0},"end":{"line":18,"column":66}},"18":{"start":{"line":19,"column":0},"end":{"line":19,"column":20}},"19":{"start":{"line":20,"column":0},"end":{"line":20,"column":19}},"20":{"start":{"line":21,"column":0},"end":{"line":21,"column":17}},"21":{"start":{"line":22,"column":0},"end":{"line":22,"column":18}},"22":{"start":{"line":23,"column":0},"end":{"line":23,"column":16}},"23":{"start":{"line":24,"column":0},"end":{"line":24,"column":66}},"24":{"start":{"line":25,"column":0},"end":{"line":25,"column":12}},"25":{"start":{"line":26,"column":0},"end":{"line":26,"column":13}},"27":{"start":{"line":28,"column":0},"end":{"line":28,"column":1}},"29":{"start":{"line":30,"column":0},"end":{"line":30,"column":22}}},"s":{"0":1,"1":1,"3":1,"4":1,"5":1,"6":1,"7":1,"8":1,"9":1,"10":1,"11":1,"12":1,"13":1,"14":1,"15":1,"16":1,"17":1,"18":1,"19":1,"20":1,"21":1,"22":1,"23":1,"24":1,"25":1,"27":1,"29":1},"branchMap":{"0":{"type":"branch","line":4,"loc":{"start":{"line":4,"column":0},"end":{"line":28,"column":1}},"locations":[{"start":{"line":4,"column":0},"end":{"line":28,"column":1}}]}},"b":{"0":[1]},"fnMap":{"0":{"name":"Footer","decl":{"start":{"line":4,"column":0},"end":{"line":28,"column":1}},"loc":{"start":{"line":4,"column":0},"end":{"line":28,"column":1}},"line":4}},"f":{"0":1}}
,"C:\\Users\\SEROS SPA\\Downloads\\fs\\fullstack_ev2_jf\\src\\components\\Form.jsx": {"path":"C:\\Users\\SEROS SPA\\Downloads\\fs\\fullstack_ev2_jf\\src\\components\\Form.jsx","all":false,"statementMap":{"0":{"start":{"line":1,"column":0},"end":{"line":1,"column":40}},"1":{"start":{"line":2,"column":0},"end":{"line":2,"column":40}},"3":{"start":{"line":4,"column":0},"end":{"line":4,"column":17}},"5":{"start":{"line":6,"column":0},"end":{"line":6,"column":43}},"6":{"start":{"line":7,"column":0},"end":{"line":7,"column":47}},"7":{"start":{"line":8,"column":0},"end":{"line":8,"column":40}},"8":{"start":{"line":9,"column":0},"end":{"line":9,"column":43}},"9":{"start":{"line":10,"column":0},"end":{"line":10,"column":47}},"10":{"start":{"line":11,"column":0},"end":{"line":11,"column":41}},"11":{"start":{"line":12,"column":0},"end":{"line":12,"column":39}},"13":{"start":{"line":14,"column":0},"end":{"line":14,"column":45}},"15":{"start":{"line":16,"column":0},"end":{"line":16,"column":25}},"16":{"start":{"line":17,"column":0},"end":{"line":17,"column":23}},"19":{"start":{"line":20,"column":0},"end":{"line":20,"column":51}},"20":{"start":{"line":21,"column":0},"end":{"line":21,"column":35}},"21":{"start":{"line":22,"column":0},"end":{"line":22,"column":55}},"22":{"start":{"line":23,"column":0},"end":{"line":23,"column":87}},"24":{"start":{"line":25,"column":0},"end":{"line":25,"column":118}},"25":{"start":{"line":26,"column":0},"end":{"line":26,"column":68}},"26":{"start":{"line":27,"column":0},"end":{"line":27,"column":13}},"27":{"start":{"line":28,"column":0},"end":{"line":28,"column":5}},"28":{"start":{"line":29,"column":0},"end":{"line":29,"column":35}},"29":{"start":{"line":30,"column":0},"end":{"line":30,"column":73}},"30":{"start":{"line":31,"column":0},"end":{"line":31,"column":15}},"31":{"start":{"line":32,"column":0},"end":{"line":32,"column":5}},"32":{"start":{"line":33,"column":0},"end":{"line":33,"column":37}},"33":{"start":{"line":34,"column":0},"end":{"line":34,"column":75}},"34":{"start":{"line":35,"column":0},"end":{"line":35,"column":15}},"35":{"start":{"line":36,"column":0},"end":{"line":36,"column":5}},"36":{"start":{"line":37,"column":0},"end":{"line":37,"column":55}},"37":{"start":{"line":38,"column":0},"end":{"line":38,"column":69}},"38":{"start":{"line":39,"column":0},"end":{"line":39,"column":15}},"39":{"start":{"line":40,"column":0},"end":{"line":40,"column":5}},"40":{"start":{"line":41,"column":0},"end":{"line":41,"column":32}},"41":{"start":{"line":42,"column":0},"end":{"line":42,"column":84}},"42":{"start":{"line":43,"column":0},"end":{"line":43,"column":15}},"43":{"start":{"line":44,"column":0},"end":{"line":44,"column":5}},"44":{"start":{"line":45,"column":0},"end":{"line":45,"column":34}},"45":{"start":{"line":46,"column":0},"end":{"line":46,"column":103}},"46":{"start":{"line":47,"column":0},"end":{"line":47,"column":15}},"47":{"start":{"line":48,"column":0},"end":{"line":48,"column":5}},"49":{"start":{"line":50,"column":0},"end":{"line":50,"column":124}},"51":{"start":{"line":52,"column":0},"end":{"line":52,"column":14}},"52":{"start":{"line":53,"column":0},"end":{"line":53,"column":4}},"54":{"start":{"line":55,"column":0},"end":{"line":55,"column":25}},"55":{"start":{"line":56,"column":0},"end":{"line":56,"column":18}},"56":{"start":{"line":57,"column":0},"end":{"line":57,"column":20}},"57":{"start":{"line":58,"column":0},"end":{"line":58,"column":17}},"58":{"start":{"line":59,"column":0},"end":{"line":59,"column":18}},"59":{"start":{"line":60,"column":0},"end":{"line":60,"column":20}},"60":{"start":{"line":61,"column":0},"end":{"line":61,"column":17}},"61":{"start":{"line":62,"column":0},"end":{"line":62,"column":16}},"62":{"start":{"line":63,"column":0},"end":{"line":63,"column":4}},"65":{"start":{"line":66,"column":0},"end":{"line":66,"column":10}},"66":{"start":{"line":67,"column":0},"end":{"line":67,"column":13}},"67":{"start":{"line":68,"column":0},"end":{"line":68,"column":30}},"68":{"start":{"line":69,"column":0},"end":{"line":69,"column":15}},"69":{"start":{"line":70,"column":0},"end":{"line":70,"column":17}},"70":{"start":{"line":71,"column":0},"end":{"line":71,"column":16}},"71":{"start":{"line":72,"column":0},"end":{"line":72,"column":66}},"72":{"start":{"line":73,"column":0},"end":{"line":73,"column":18}},"73":{"start":{"line":74,"column":0},"end":{"line":74,"column":23}},"74":{"start":{"line":75,"column":0},"end":{"line":75,"column":30}},"75":{"start":{"line":76,"column":0},"end":{"line":76,"column":30}},"76":{"start":{"line":77,"column":0},"end":{"line":77,"column":33}},"77":{"start":{"line":78,"column":0},"end":{"line":78,"column":62}},"78":{"start":{"line":79,"column":0},"end":{"line":79,"column":18}},"79":{"start":{"line":80,"column":0},"end":{"line":80,"column":19}},"80":{"start":{"line":81,"column":0},"end":{"line":81,"column":17}},"81":{"start":{"line":82,"column":0},"end":{"line":82,"column":16}},"82":{"start":{"line":83,"column":0},"end":{"line":83,"column":69}},"83":{"start":{"line":84,"column":0},"end":{"line":84,"column":18}},"84":{"start":{"line":85,"column":0},"end":{"line":85,"column":23}},"85":{"start":{"line":86,"column":0},"end":{"line":86,"column":30}},"86":{"start":{"line":87,"column":0},"end":{"line":87,"column":32}},"87":{"start":{"line":88,"column":0},"end":{"line":88,"column":35}},"88":{"start":{"line":89,"column":0},"end":{"line":89,"column":64}},"89":{"start":{"line":90,"column":0},"end":{"line":90,"column":18}},"90":{"start":{"line":91,"column":0},"end":{"line":91,"column":19}},"91":{"start":{"line":92,"column":0},"end":{"line":92,"column":17}},"92":{"start":{"line":93,"column":0},"end":{"line":93,"column":16}},"93":{"start":{"line":94,"column":0},"end":{"line":94,"column":71}},"94":{"start":{"line":95,"column":0},"end":{"line":95,"column":18}},"95":{"start":{"line":96,"column":0},"end":{"line":96,"column":23}},"96":{"start":{"line":97,"column":0},"end":{"line":97,"column":30}},"97":{"start":{"line":98,"column":0},"end":{"line":98,"column":28}},"98":{"start":{"line":99,"column":0},"end":{"line":99,"column":31}},"99":{"start":{"line":100,"column":0},"end":{"line":100,"column":31}},"100":{"start":{"line":101,"column":0},"end":{"line":101,"column":36}},"101":{"start":{"line":102,"column":0},"end":{"line":102,"column":82}},"102":{"start":{"line":103,"column":0},"end":{"line":103,"column":45}},"103":{"start":{"line":104,"column":0},"end":{"line":104,"column":21}},"104":{"start":{"line":105,"column":0},"end":{"line":105,"column":21}},"105":{"start":{"line":106,"column":0},"end":{"line":106,"column":18}},"106":{"start":{"line":107,"column":0},"end":{"line":107,"column":19}},"107":{"start":{"line":108,"column":0},"end":{"line":108,"column":17}},"108":{"start":{"line":109,"column":0},"end":{"line":109,"column":16}},"109":{"start":{"line":110,"column":0},"end":{"line":110,"column":76}},"110":{"start":{"line":111,"column":0},"end":{"line":111,"column":20}},"111":{"start":{"line":112,"column":0},"end":{"line":112,"column":27}},"112":{"start":{"line":113,"column":0},"end":{"line":113,"column":37}},"113":{"start":{"line":114,"column":0},"end":{"line":114,"column":36}},"114":{"start":{"line":115,"column":0},"end":{"line":115,"column":39}},"115":{"start":{"line":116,"column":0},"end":{"line":116,"column":68}},"116":{"start":{"line":117,"column":0},"end":{"line":117,"column":22}},"117":{"start":{"line":118,"column":0},"end":{"line":118,"column":21}},"118":{"start":{"line":119,"column":0},"end":{"line":119,"column":17}},"119":{"start":{"line":120,"column":0},"end":{"line":120,"column":18}},"120":{"start":{"line":121,"column":0},"end":{"line":121,"column":16}},"122":{"start":{"line":123,"column":0},"end":{"line":123,"column":15}},"123":{"start":{"line":124,"column":0},"end":{"line":124,"column":19}},"124":{"start":{"line":125,"column":0},"end":{"line":125,"column":20}},"125":{"start":{"line":126,"column":0},"end":{"line":126,"column":80}},"126":{"start":{"line":127,"column":0},"end":{"line":127,"column":24}},"127":{"start":{"line":128,"column":0},"end":{"line":128,"column":109}},"128":{"start":{"line":129,"column":0},"end":{"line":129,"column":64}},"129":{"start":{"line":130,"column":0},"end":{"line":130,"column":74}},"130":{"start":{"line":131,"column":0},"end":{"line":131,"column":91}},"131":{"start":{"line":132,"column":0},"end":{"line":132,"column":78}},"132":{"start":{"line":133,"column":0},"end":{"line":133,"column":33}},"133":{"start":{"line":134,"column":0},"end":{"line":134,"column":25}},"134":{"start":{"line":135,"column":0},"end":{"line":135,"column":21}},"135":{"start":{"line":136,"column":0},"end":{"line":136,"column":20}},"136":{"start":{"line":137,"column":0},"end":{"line":137,"column":78}},"137":{"start":{"line":138,"column":0},"end":{"line":138,"column":162}},"138":{"start":{"line":139,"column":0},"end":{"line":139,"column":21}},"139":{"start":{"line":140,"column":0},"end":{"line":140,"column":20}},"140":{"start":{"line":141,"column":0},"end":{"line":141,"column":76}},"141":{"start":{"line":142,"column":0},"end":{"line":142,"column":134}},"142":{"start":{"line":143,"column":0},"end":{"line":143,"column":21}},"143":{"start":{"line":144,"column":0},"end":{"line":144,"column":20}},"144":{"start":{"line":145,"column":0},"end":{"line":145,"column":16}},"146":{"start":{"line":147,"column":0},"end":{"line":147,"column":33}},"147":{"start":{"line":148,"column":0},"end":{"line":148,"column":70}},"148":{"start":{"line":149,"column":0},"end":{"line":149,"column":88}},"149":{"start":{"line":150,"column":0},"end":{"line":150,"column":14}},"151":{"start":{"line":152,"column":0},"end":{"line":152,"column":54}},"152":{"start":{"line":153,"column":0},"end":{"line":153,"column":13}},"153":{"start":{"line":154,"column":0},"end":{"line":154,"column":42}},"154":{"start":{"line":155,"column":0},"end":{"line":155,"column":72}},"155":{"start":{"line":156,"column":0},"end":{"line":156,"column":15}},"156":{"start":{"line":157,"column":0},"end":{"line":157,"column":14}},"158":{"start":{"line":159,"column":0},"end":{"line":159,"column":1}},"160":{"start":{"line":161,"column":0},"end":{"line":161,"column":20}}},"s":{"0":1,"1":1,"3":40,"5":40,"6":40,"7":40,"8":40,"9":40,"10":40,"11":40,"13":40,"15":40,"16":5,"19":5,"20":5,"21":5,"22":5,"24":5,"25":1,"26":1,"27":1,"28":5,"29":0,"30":0,"31":0,"32":5,"33":0,"34":0,"35":0,"36":5,"37":1,"38":1,"39":1,"40":5,"41":1,"42":1,"43":1,"44":5,"45":0,"46":0,"47":0,"49":2,"51":2,"52":5,"54":40,"55":2,"56":2,"57":2,"58":2,"59":2,"60":2,"61":2,"62":2,"65":40,"66":40,"67":40,"68":40,"69":40,"70":40,"71":40,"72":40,"73":40,"74":40,"75":40,"76":40,"77":40,"78":40,"79":40,"80":40,"81":40,"82":40,"83":40,"84":40,"85":40,"86":40,"87":40,"88":40,"89":40,"90":40,"91":40,"92":40,"93":40,"94":40,"95":40,"96":40,"97":40,"98":40,"99":40,"100":40,"101":5,"102":5,"103":5,"104":5,"105":40,"106":40,"107":40,"108":40,"109":40,"110":40,"111":40,"112":40,"113":40,"114":40,"115":40,"116":40,"117":40,"118":40,"119":40,"120":40,"122":40,"123":40,"124":40,"125":40,"126":40,"127":40,"128":40,"129":40,"130":40,"131":40,"132":40,"133":40,"134":40,"135":40,"136":40,"137":40,"138":40,"139":40,"140":40,"141":40,"142":40,"143":40,"144":40,"146":40,"147":40,"148":40,"149":40,"151":40,"152":40,"153":40,"154":40,"155":40,"156":40,"158":40,"160":1},"branchMap":{"0":{"type":"branch","line":4,"loc":{"start":{"line":4,"column":0},"end":{"line":159,"column":1}},"locations":[{"start":{"line":4,"column":0},"end":{"line":159,"column":1}}]},"1":{"type":"branch","line":152,"loc":{"start":{"line":152,"column":9},"end":{"line":152,"column":54}},"locations":[{"start":{"line":152,"column":9},"end":{"line":152,"column":54}}]},"2":{"type":"branch","line":16,"loc":{"start":{"line":16,"column":17},"end":{"line":53,"column":4}},"locations":[{"start":{"line":16,"column":17},"end":{"line":53,"column":4}}]},"3":{"type":"branch","line":25,"loc":{"start":{"line":25,"column":21},"end":{"line":25,"column":46}},"locations":[{"start":{"line":25,"column":21},"end":{"line":25,"column":46}}]},"4":{"type":"branch","line":25,"loc":{"start":{"line":25,"column":41},"end":{"line":25,"column":62}},"locations":[{"start":{"line":25,"column":41},"end":{"line":25,"column":62}}]},"5":{"type":"branch","line":25,"loc":{"start":{"line":25,"column":57},"end":{"line":25,"column":80}},"locations":[{"start":{"line":25,"column":57},"end":{"line":25,"column":80}}]},"6":{"type":"branch","line":25,"loc":{"start":{"line":25,"column":75},"end":{"line":25,"column":93}},"locations":[{"start":{"line":25,"column":75},"end":{"line":25,"column":93}}]},"7":{"type":"branch","line":25,"loc":{"start":{"line":25,"column":81},"end":{"line":25,"column":103}},"locations":[{"start":{"line":25,"column":81},"end":{"line":25,"column":103}}]},"8":{"type":"branch","line":25,"loc":{"start":{"line":25,"column":94},"end":{"line":25,"column":117}},"locations":[{"start":{"line":25,"column":94},"end":{"line":25,"column":117}}]},"9":{"type":"branch","line":25,"loc":{"start":{"line":25,"column":117},"end":{"line":28,"column":5}},"locations":[{"start":{"line":25,"column":117},"end":{"line":28,"column":5}}]},"10":{"type":"branch","line":28,"loc":{"start":{"line":28,"column":4},"end":{"line":29,"column":34}},"locations":[{"start":{"line":28,"column":4},"end":{"line":29,"column":34}}]},"11":{"type":"branch","line":29,"loc":{"start":{"line":29,"column":34},"end":{"line":32,"column":5}},"locations":[{"start":{"line":29,"column":34},"end":{"line":32,"column":5}}]},"12":{"type":"branch","line":32,"loc":{"start":{"line":32,"column":4},"end":{"line":33,"column":36}},"locations":[{"start":{"line":32,"column":4},"end":{"line":33,"column":36}}]},"13":{"type":"branch","line":33,"loc":{"start":{"line":33,"column":36},"end":{"line":36,"column":5}},"locations":[{"start":{"line":33,"column":36},"end":{"line":36,"column":5}}]},"14":{"type":"branch","line":36,"loc":{"start":{"line":36,"column":4},"end":{"line":37,"column":54}},"locations":[{"start":{"line":36,"column":4},"end":{"line":37,"column":54}}]},"15":{"type":"branch","line":37,"loc":{"start":{"line":37,"column":54},"end":{"line":40,"column":5}},"locations":[{"start":{"line":37,"column":54},"end":{"line":40,"column":5}}]},"16":{"type":"branch","line":40,"loc":{"start":{"line":40,"column":4},"end":{"line":41,"column":31}},"locations":[{"start":{"line":40,"column":4},"end":{"line":41,"column":31}}]},"17":{"type":"branch","line":41,"loc":{"start":{"line":41,"column":31},"end":{"line":44,"column":5}},"locations":[{"start":{"line":41,"column":31},"end":{"line":44,"column":5}}]},"18":{"type":"branch","line":44,"loc":{"start":{"line":44,"column":4},"end":{"line":45,"column":33}},"locations":[{"start":{"line":44,"column":4},"end":{"line":45,"column":33}}]},"19":{"type":"branch","line":45,"loc":{"start":{"line":45,"column":33},"end":{"line":48,"column":5}},"locations":[{"start":{"line":45,"column":33},"end":{"line":48,"column":5}}]},"20":{"type":"branch","line":48,"loc":{"start":{"line":48,"column":4},"end":{"line":52,"column":14}},"locations":[{"start":{"line":48,"column":4},"end":{"line":52,"column":14}}]},"21":{"type":"branch","line":23,"loc":{"start":{"line":23,"column":25},"end":{"line":23,"column":87}},"locations":[{"start":{"line":23,"column":25},"end":{"line":23,"column":87}}]},"22":{"type":"branch","line":55,"loc":{"start":{"line":55,"column":18},"end":{"line":63,"column":4}},"locations":[{"start":{"line":55,"column":18},"end":{"line":63,"column":4}}]},"23":{"type":"branch","line":78,"loc":{"start":{"line":78,"column":28},"end":{"line":78,"column":62}},"locations":[{"start":{"line":78,"column":28},"end":{"line":78,"column":62}}]},"24":{"type":"branch","line":89,"loc":{"start":{"line":89,"column":28},"end":{"line":89,"column":64}},"locations":[{"start":{"line":89,"column":28},"end":{"line":89,"column":64}}]},"25":{"type":"branch","line":101,"loc":{"start":{"line":101,"column":28},"end":{"line":105,"column":21}},"locations":[{"start":{"line":101,"column":28},"end":{"line":105,"column":21}}]},"26":{"type":"branch","line":102,"loc":{"start":{"line":102,"column":53},"end":{"line":102,"column":81}},"locations":[{"start":{"line":102,"column":53},"end":{"line":102,"column":81}}]},"27":{"type":"branch","line":116,"loc":{"start":{"line":116,"column":34},"end":{"line":116,"column":68}},"locations":[{"start":{"line":116,"column":34},"end":{"line":116,"column":68}}]},"28":{"type":"branch","line":128,"loc":{"start":{"line":128,"column":73},"end":{"line":128,"column":109}},"locations":[{"start":{"line":128,"column":73},"end":{"line":128,"column":109}}]},"29":{"type":"branch","line":138,"loc":{"start":{"line":138,"column":78},"end":{"line":138,"column":111}},"locations":[{"start":{"line":138,"column":78},"end":{"line":138,"column":111}}]},"30":{"type":"branch","line":142,"loc":{"start":{"line":142,"column":96},"end":{"line":142,"column":127}},"locations":[{"start":{"line":142,"column":96},"end":{"line":142,"column":127}}]}},"b":{"0":[40],"1":[5],"2":[5],"3":[4],"4":[4],"5":[4],"6":[4],"7":[4],"8":[4],"9":[1],"10":[4],"11":[0],"12":[4],"13":[0],"14":[4],"15":[1],"16":[3],"17":[1],"18":[2],"19":[0],"20":[2],"21":[3],"22":[2],"23":[4],"24":[4],"25":[5],"26":[0],"27":[5],"28":[4],"29":[4],"30":[4]},"fnMap":{"0":{"name":"Form","decl":{"start":{"line":4,"column":0},"end":{"line":159,"column":1}},"loc":{"start":{"line":4,"column":0},"end":{"line":159,"column":1}},"line":4},"1":{"name":"enviar","decl":{"start":{"line":16,"column":17},"end":{"line":53,"column":4}},"loc":{"start":{"line":16,"column":17},"end":{"line":53,"column":4}},"line":16},"2":{"name":"correoValido","decl":{"start":{"line":23,"column":25},"end":{"line":23,"column":87}},"loc":{"start":{"line":23,"column":25},"end":{"line":23,"column":87}},"line":23},"3":{"name":"limpiar","decl":{"start":{"line":55,"column":18},"end":{"line":63,"column":4}},"loc":{"start":{"line":55,"column":18},"end":{"line":63,"column":4}},"line":55},"4":{"name":"onChange","decl":{"start":{"line":78,"column":28},"end":{"line":78,"column":62}},"loc":{"start":{"line":78,"column":28},"end":{"line":78,"column":62}},"line":78},"5":{"name":"onChange","decl":{"start":{"line":89,"column":28},"end":{"line":89,"column":64}},"loc":{"start":{"line":89,"column":28},"end":{"line":89,"column":64}},"line":89},"6":{"name":"onChange","decl":{"start":{"line":101,"column":28},"end":{"line":105,"column":21}},"loc":{"start":{"line":101,"column":28},"end":{"line":105,"column":21}},"line":101},"7":{"name":"onChange","decl":{"start":{"line":116,"column":34},"end":{"line":116,"column":68}},"loc":{"start":{"line":116,"column":34},"end":{"line":116,"column":68}},"line":116},"8":{"name":"onChange","decl":{"start":{"line":128,"column":73},"end":{"line":128,"column":109}},"loc":{"start":{"line":128,"column":73},"end":{"line":128,"column":109}},"line":128},"9":{"name":"onChange","decl":{"start":{"line":138,"column":78},"end":{"line":138,"column":111}},"loc":{"start":{"line":138,"column":78},"end":{"line":138,"column":111}},"line":138},"10":{"name":"onChange","decl":{"start":{"line":142,"column":96},"end":{"line":142,"column":127}},"loc":{"start":{"line":142,"column":96},"end":{"line":142,"column":127}},"line":142}},"f":{"0":40,"1":5,"2":3,"3":2,"4":4,"5":4,"6":5,"7":5,"8":4,"9":4,"10":4}}
,"C:\\Users\\SEROS SPA\\Downloads\\fs\\fullstack_ev2_jf\\src\\components\\FormAccess.jsx": {"path":"C:\\Users\\SEROS SPA\\Downloads\\fs\\fullstack_ev2_jf\\src\\components\\FormAccess.jsx","all":true,"statementMap":{"0":{"start":{"line":1,"column":0},"end":{"line":1,"column":45}},"1":{"start":{"line":2,"column":0},"end":{"line":2,"column":40}},"2":{"start":{"line":3,"column":0},"end":{"line":3,"column":0}},"3":{"start":{"line":4,"column":0},"end":{"line":4,"column":0}},"4":{"start":{"line":5,"column":0},"end":{"line":5,"column":23}},"5":{"start":{"line":6,"column":0},"end":{"line":6,"column":10}},"6":{"start":{"line":7,"column":0},"end":{"line":7,"column":20}},"7":{"start":{"line":8,"column":0},"end":{"line":8,"column":28}},"8":{"start":{"line":9,"column":0},"end":{"line":9,"column":15}},"9":{"start":{"line":10,"column":0},"end":{"line":10,"column":14}},"10":{"start":{"line":11,"column":0},"end":{"line":11,"column":16}},"11":{"start":{"line":12,"column":0},"end":{"line":12,"column":91}},"12":{"start":{"line":13,"column":0},"end":{"line":13,"column":17}},"13":{"start":{"line":14,"column":0},"end":{"line":14,"column":15}},"14":{"start":{"line":15,"column":0},"end":{"line":15,"column":14}},"15":{"start":{"line":16,"column":0},"end":{"line":16,"column":16}},"16":{"start":{"line":17,"column":0},"end":{"line":17,"column":22}},"17":{"start":{"line":18,"column":0},"end":{"line":18,"column":39}},"18":{"start":{"line":19,"column":0},"end":{"line":19,"column":22}},"19":{"start":{"line":20,"column":0},"end":{"line":20,"column":39}},"20":{"start":{"line":21,"column":0},"end":{"line":21,"column":31}},"21":{"start":{"line":22,"column":0},"end":{"line":22,"column":42}},"22":{"start":{"line":23,"column":0},"end":{"line":23,"column":49}},"23":{"start":{"line":24,"column":0},"end":{"line":24,"column":20}},"24":{"start":{"line":25,"column":0},"end":{"line":25,"column":23}},"25":{"start":{"line":26,"column":0},"end":{"line":26,"column":23}},"26":{"start":{"line":27,"column":0},"end":{"line":27,"column":17}},"27":{"start":{"line":28,"column":0},"end":{"line":28,"column":15}},"28":{"start":{"line":29,"column":0},"end":{"line":29,"column":16}},"29":{"start":{"line":30,"column":0},"end":{"line":30,"column":14}},"30":{"start":{"line":31,"column":0},"end":{"line":31,"column":10}},"31":{"start":{"line":32,"column":0},"end":{"line":32,"column":4}},"32":{"start":{"line":33,"column":0},"end":{"line":33,"column":1}},"33":{"start":{"line":34,"column":0},"end":{"line":34,"column":0}},"34":{"start":{"line":35,"column":0},"end":{"line":35,"column":26}}},"s":{"0":0,"1":0,"2":0,"3":0,"4":0,"5":0,"6":0,"7":0,"8":0,"9":0,"10":0,"11":0,"12":0,"13":0,"14":0,"15":0,"16":0,"17":0,"18":0,"19":0,"20":0,"21":0,"22":0,"23":0,"24":0,"25":0,"26":0,"27":0,"28":0,"29":0,"30":0,"31":0,"32":0,"33":0,"34":0},"branchMap":{"0":{"type":"branch","line":1,"loc":{"start":{"line":1,"column":0},"end":{"line":35,"column":26}},"locations":[{"start":{"line":1,"column":0},"end":{"line":35,"column":26}}]}},"b":{"0":[0]},"fnMap":{"0":{"name":"(empty-report)","decl":{"start":{"line":1,"column":0},"end":{"line":35,"column":26}},"loc":{"start":{"line":1,"column":0},"end":{"line":35,"column":26}},"line":1}},"f":{"0":0}}
,"C:\\Users\\SEROS SPA\\Downloads\\fs\\fullstack_ev2_jf\\src\\components\\Header.jsx": {"path":"C:\\Users\\SEROS SPA\\Downloads\\fs\\fullstack_ev2_jf\\src\\components\\Header.jsx","all":false,"statementMap":{"0":{"start":{"line":1,"column":0},"end":{"line":1,"column":38}},"2":{"start":{"line":3,"column":0},"end":{"line":3,"column":19}},"3":{"start":{"line":4,"column":0},"end":{"line":4,"column":10}},"4":{"start":{"line":5,"column":0},"end":{"line":5,"column":6}},"5":{"start":{"line":6,"column":0},"end":{"line":6,"column":14}},"6":{"start":{"line":7,"column":0},"end":{"line":7,"column":72}},"7":{"start":{"line":8,"column":0},"end":{"line":8,"column":44}},"8":{"start":{"line":9,"column":0},"end":{"line":9,"column":15}},"9":{"start":{"line":10,"column":0},"end":{"line":10,"column":11}},"10":{"start":{"line":11,"column":0},"end":{"line":11,"column":12}},"11":{"start":{"line":12,"column":0},"end":{"line":12,"column":47}},"12":{"start":{"line":13,"column":0},"end":{"line":13,"column":53}},"13":{"start":{"line":14,"column":0},"end":{"line":14,"column":56}},"14":{"start":{"line":15,"column":0},"end":{"line":15,"column":58}},"15":{"start":{"line":16,"column":0},"end":{"line":16,"column":13}},"16":{"start":{"line":17,"column":0},"end":{"line":17,"column":12}},"17":{"start":{"line":18,"column":0},"end":{"line":18,"column":7}},"19":{"start":{"line":20,"column":0},"end":{"line":20,"column":1}},"21":{"start":{"line":22,"column":0},"end":{"line":22,"column":22}}},"s":{"0":1,"2":3,"3":3,"4":3,"5":3,"6":3,"7":3,"8":3,"9":3,"10":3,"11":3,"12":3,"13":3,"14":3,"15":3,"16":3,"17":3,"19":3,"21":1},"branchMap":{"0":{"type":"branch","line":3,"loc":{"start":{"line":3,"column":0},"end":{"line":20,"column":1}},"locations":[{"start":{"line":3,"column":0},"end":{"line":20,"column":1}}]}},"b":{"0":[3]},"fnMap":{"0":{"name":"Header","decl":{"start":{"line":3,"column":0},"end":{"line":20,"column":1}},"loc":{"start":{"line":3,"column":0},"end":{"line":20,"column":1}},"line":3}},"f":{"0":3}}
,"C:\\Users\\SEROS SPA\\Downloads\\fs\\fullstack_ev2_jf\\src\\components\\Hero.jsx": {"path":"C:\\Users\\SEROS SPA\\Downloads\\fs\\fullstack_ev2_jf\\src\\components\\Hero.jsx","all":true,"statementMap":{"0":{"start":{"line":1,"column":0},"end":{"line":1,"column":0}},"1":{"start":{"line":2,"column":0},"end":{"line":2,"column":17}},"2":{"start":{"line":3,"column":0},"end":{"line":3,"column":10}},"3":{"start":{"line":4,"column":0},"end":{"line":4,"column":21}},"4":{"start":{"line":5,"column":0},"end":{"line":5,"column":13}},"5":{"start":{"line":6,"column":0},"end":{"line":6,"column":12}},"6":{"start":{"line":7,"column":0},"end":{"line":7,"column":64}},"7":{"start":{"line":8,"column":0},"end":{"line":8,"column":13}},"8":{"start":{"line":9,"column":0},"end":{"line":9,"column":12}},"9":{"start":{"line":10,"column":0},"end":{"line":10,"column":156}},"10":{"start":{"line":11,"column":0},"end":{"line":11,"column":13}},"11":{"start":{"line":12,"column":0},"end":{"line":12,"column":14}},"12":{"start":{"line":13,"column":0},"end":{"line":13,"column":12}},"13":{"start":{"line":14,"column":0},"end":{"line":14,"column":4}},"14":{"start":{"line":15,"column":0},"end":{"line":15,"column":1}},"15":{"start":{"line":16,"column":0},"end":{"line":16,"column":0}},"16":{"start":{"line":17,"column":0},"end":{"line":17,"column":20}}},"s":{"0":0,"1":0,"2":0,"3":0,"4":0,"5":0,"6":0,"7":0,"8":0,"9":0,"10":0,"11":0,"12":0,"13":0,"14":0,"15":0,"16":0},"branchMap":{"0":{"type":"branch","line":1,"loc":{"start":{"line":1,"column":0},"end":{"line":17,"column":20}},"locations":[{"start":{"line":1,"column":0},"end":{"line":17,"column":20}}]}},"b":{"0":[0]},"fnMap":{"0":{"name":"(empty-report)","decl":{"start":{"line":1,"column":0},"end":{"line":17,"column":20}},"loc":{"start":{"line":1,"column":0},"end":{"line":17,"column":20}},"line":1}},"f":{"0":0}}
,"C:\\Users\\SEROS SPA\\Downloads\\fs\\fullstack_ev2_jf\\src\\components\\ProductCard.jsx": {"path":"C:\\Users\\SEROS SPA\\Downloads\\fs\\fullstack_ev2_jf\\src\\components\\ProductCard.jsx","all":false,"statementMap":{"0":{"start":{"line":1,"column":0},"end":{"line":1,"column":50}},"1":{"start":{"line":2,"column":0},"end":{"line":2,"column":10}},"2":{"start":{"line":3,"column":0},"end":{"line":3,"column":34}},"3":{"start":{"line":4,"column":0},"end":{"line":4,"column":60}},"4":{"start":{"line":5,"column":0},"end":{"line":5,"column":33}},"5":{"start":{"line":6,"column":0},"end":{"line":6,"column":25}},"6":{"start":{"line":7,"column":0},"end":{"line":7,"column":41}},"7":{"start":{"line":8,"column":0},"end":{"line":8,"column":12}},"8":{"start":{"line":9,"column":0},"end":{"line":9,"column":10}},"10":{"start":{"line":11,"column":0},"end":{"line":11,"column":1}},"12":{"start":{"line":13,"column":0},"end":{"line":13,"column":27}}},"s":{"0":6,"1":6,"2":6,"3":6,"4":6,"5":6,"6":6,"7":6,"8":6,"10":6,"12":1},"branchMap":{"0":{"type":"branch","line":1,"loc":{"start":{"line":1,"column":0},"end":{"line":11,"column":1}},"locations":[{"start":{"line":1,"column":0},"end":{"line":11,"column":1}}]}},"b":{"0":[6]},"fnMap":{"0":{"name":"ProductCard","decl":{"start":{"line":1,"column":0},"end":{"line":11,"column":1}},"loc":{"start":{"line":1,"column":0},"end":{"line":11,"column":1}},"line":1}},"f":{"0":6}}
,"C:\\Users\\SEROS SPA\\Downloads\\fs\\fullstack_ev2_jf\\src\\components\\ProductList.jsx": {"path":"C:\\Users\\SEROS SPA\\Downloads\\fs\\fullstack_ev2_jf\\src\\components\\ProductList.jsx","all":false,"statementMap":{"0":{"start":{"line":1,"column":0},"end":{"line":1,"column":40}},"1":{"start":{"line":2,"column":0},"end":{"line":2,"column":49}},"4":{"start":{"line":5,"column":0},"end":{"line":5,"column":24}},"5":{"start":{"line":6,"column":0},"end":{"line":6,"column":10}},"6":{"start":{"line":7,"column":0},"end":{"line":7,"column":28}},"7":{"start":{"line":8,"column":0},"end":{"line":8,"column":67}},"8":{"start":{"line":9,"column":0},"end":{"line":9,"column":12}},"9":{"start":{"line":10,"column":0},"end":{"line":10,"column":34}},"10":{"start":{"line":11,"column":0},"end":{"line":11,"column":39}},"11":{"start":{"line":12,"column":0},"end":{"line":12,"column":38}},"12":{"start":{"line":13,"column":0},"end":{"line":13,"column":24}},"13":{"start":{"line":14,"column":0},"end":{"line":14,"column":31}},"14":{"start":{"line":15,"column":0},"end":{"line":15,"column":38}},"15":{"start":{"line":16,"column":0},"end":{"line":16,"column":38}},"16":{"start":{"line":17,"column":0},"end":{"line":17,"column":38}},"17":{"start":{"line":18,"column":0},"end":{"line":18,"column":14}},"18":{"start":{"line":19,"column":0},"end":{"line":19,"column":13}},"19":{"start":{"line":20,"column":0},"end":{"line":20,"column":14}},"20":{"start":{"line":21,"column":0},"end":{"line":21,"column":12}},"21":{"start":{"line":22,"column":0},"end":{"line":22,"column":18}},"22":{"start":{"line":23,"column":0},"end":{"line":23,"column":43}},"23":{"start":{"line":24,"column":0},"end":{"line":24,"column":95}},"24":{"start":{"line":25,"column":0},"end":{"line":25,"column":12}},"25":{"start":{"line":26,"column":0},"end":{"line":26,"column":14}},"27":{"start":{"line":28,"column":0},"end":{"line":28,"column":1}},"29":{"start":{"line":30,"column":0},"end":{"line":30,"column":27}}},"s":{"0":1,"1":1,"4":1,"5":1,"6":1,"7":1,"8":1,"9":1,"10":1,"11":1,"12":6,"13":6,"14":6,"15":6,"16":6,"17":6,"18":1,"19":1,"20":1,"21":1,"22":1,"23":1,"24":1,"25":1,"27":1,"29":1},"branchMap":{"0":{"type":"branch","line":5,"loc":{"start":{"line":5,"column":0},"end":{"line":28,"column":1}},"locations":[{"start":{"line":5,"column":0},"end":{"line":28,"column":1}}]},"1":{"type":"branch","line":12,"loc":{"start":{"line":12,"column":25},"end":{"line":18,"column":14}},"locations":[{"start":{"line":12,"column":25},"end":{"line":18,"column":14}}]}},"b":{"0":[1],"1":[6]},"fnMap":{"0":{"name":"ProductList","decl":{"start":{"line":5,"column":0},"end":{"line":28,"column":1}},"loc":{"start":{"line":5,"column":0},"end":{"line":28,"column":1}},"line":5}},"f":{"0":1}}
,"C:\\Users\\SEROS SPA\\Downloads\\fs\\fullstack_ev2_jf\\src\\data\\productos.js": {"path":"C:\\Users\\SEROS SPA\\Downloads\\fs\\fullstack_ev2_jf\\src\\data\\productos.js","all":false,"statementMap":{"0":{"start":{"line":1,"column":0},"end":{"line":1,"column":26}},"1":{"start":{"line":2,"column":0},"end":{"line":2,"column":3}},"2":{"start":{"line":3,"column":0},"end":{"line":3,"column":10}},"3":{"start":{"line":4,"column":0},"end":{"line":4,"column":48}},"4":{"start":{"line":5,"column":0},"end":{"line":5,"column":23}},"5":{"start":{"line":6,"column":0},"end":{"line":6,"column":33}},"6":{"start":{"line":7,"column":0},"end":{"line":7,"column":4}},"7":{"start":{"line":8,"column":0},"end":{"line":8,"column":3}},"8":{"start":{"line":9,"column":0},"end":{"line":9,"column":10}},"9":{"start":{"line":10,"column":0},"end":{"line":10,"column":32}},"10":{"start":{"line":11,"column":0},"end":{"line":11,"column":23}},"11":{"start":{"line":12,"column":0},"end":{"line":12,"column":33}},"12":{"start":{"line":13,"column":0},"end":{"line":13,"column":4}},"13":{"start":{"line":14,"column":0},"end":{"line":14,"column":3}},"14":{"start":{"line":15,"column":0},"end":{"line":15,"column":10}},"15":{"start":{"line":16,"column":0},"end":{"line":16,"column":29}},"16":{"start":{"line":17,"column":0},"end":{"line":17,"column":22}},"17":{"start":{"line":18,"column":0},"end":{"line":18,"column":36}},"18":{"start":{"line":19,"column":0},"end":{"line":19,"column":4}},"19":{"start":{"line":20,"column":0},"end":{"line":20,"column":3}},"20":{"start":{"line":21,"column":0},"end":{"line":21,"column":10}},"21":{"start":{"line":22,"column":0},"end":{"line":22,"column":48}},"22":{"start":{"line":23,"column":0},"end":{"line":23,"column":23}},"23":{"start":{"line":24,"column":0},"end":{"line":24,"column":34}},"24":{"start":{"line":25,"column":0},"end":{"line":25,"column":4}},"25":{"start":{"line":26,"column":0},"end":{"line":26,"column":3}},"26":{"start":{"line":27,"column":0},"end":{"line":27,"column":10}},"27":{"start":{"line":28,"column":0},"end":{"line":28,"column":34}},"28":{"start":{"line":29,"column":0},"end":{"line":29,"column":23}},"29":{"start":{"line":30,"column":0},"end":{"line":30,"column":34}},"30":{"start":{"line":31,"column":0},"end":{"line":31,"column":4}},"31":{"start":{"line":32,"column":0},"end":{"line":32,"column":3}},"32":{"start":{"line":33,"column":0},"end":{"line":33,"column":10}},"33":{"start":{"line":34,"column":0},"end":{"line":34,"column":34}},"34":{"start":{"line":35,"column":0},"end":{"line":35,"column":22}},"35":{"start":{"line":36,"column":0},"end":{"line":36,"column":35}},"36":{"start":{"line":37,"column":0},"end":{"line":37,"column":3}},"37":{"start":{"line":38,"column":0},"end":{"line":38,"column":2}}},"s":{"0":1,"1":1,"2":1,"3":1,"4":1,"5":1,"6":1,"7":1,"8":1,"9":1,"10":1,"11":1,"12":1,"13":1,"14":1,"15":1,"16":1,"17":1,"18":1,"19":1,"20":1,"21":1,"22":1,"23":1,"24":1,"25":1,"26":1,"27":1,"28":1,"29":1,"30":1,"31":1,"32":1,"33":1,"34":1,"35":1,"36":1,"37":1},"branchMap":{},"b":{},"fnMap":{},"f":{}}
}
